<?xml version="1.0" encoding="UTF-8"?>
<!-- Generated by org.testng.reporters.JUnitXMLReporter -->
<testsuite ignored="0" hostname="EPINBANW03CC" failures="0" tests="3" name="testNG" time="5.902" errors="0" timestamp="2023-02-12T18:27:33 IST">
  <testcase classname="testNG.ParallelTesting" name="OpenBing" time="0.841"/>
  <testcase classname="testNG.ParallelTesting" name="OpenYahoo" time="2.918"/>
  <testcase classname="testNG.ParallelTesting" name="OpenGoogle" time="5.878"/>
</testsuite> <!-- testNG -->
