<?xml version="1.0" encoding="UTF-8"?>
<!-- Generated by org.testng.reporters.JUnitXMLReporter -->
<testsuite ignored="0" hostname="EPINBANW03CC" failures="0" tests="4" name="Default test" time="0.53" errors="0" timestamp="2023-02-13T19:32:08 IST">
  <testcase classname="dataDrivenTesting.DataProviderExample" name="EnteringDetails" time="0.146"/>
  <testcase classname="dataDrivenTesting.DataProviderExample" name="EnteringDetails" time="0.128"/>
  <testcase classname="dataDrivenTesting.DataProviderExample" name="EnteringDetails" time="0.091"/>
  <testcase classname="dataDrivenTesting.DataProviderExample" name="EnteringDetails" time="0.104"/>
</testsuite> <!-- Default test -->
