<?xml version="1.0" encoding="UTF-8"?>
<testng-results ignored="0" total="4" passed="4" failed="0" skipped="0">
  <reporter-output>
  </reporter-output>
  <suite started-at="2023-02-13T19:32:08 IST" name="Default suite" finished-at="2023-02-13T19:32:08 IST" duration-ms="530">
    <groups>
    </groups>
    <test started-at="2023-02-13T19:32:08 IST" name="Default test" finished-at="2023-02-13T19:32:08 IST" duration-ms="530">
      <class name="dataDrivenTesting.DataProviderExample">
        <test-method is-config="true" signature="beforeSuite()[pri:0, instance:dataDrivenTesting.DataProviderExample@a514af7]" started-at="2023-02-13T19:32:05 IST" name="beforeSuite" finished-at="2023-02-13T19:32:08 IST" duration-ms="3145" status="PASS">
          <reporter-output>
          </reporter-output>
        </test-method> <!-- beforeSuite -->
        <test-method signature="EnteringDetails(java.lang.String,java.lang.String)[pri:0, instance:dataDrivenTesting.DataProviderExample@a514af7]" started-at="2023-02-13T19:32:08 IST" name="EnteringDetails" data-provider="Entry" finished-at="2023-02-13T19:32:08 IST" duration-ms="146" status="PASS">
          <params>
            <param index="0">
              <value>
                <![CDATA[Thiagu]]>
              </value>
            </param>
            <param index="1">
              <value>
                <![CDATA[Chennai]]>
              </value>
            </param>
          </params>
          <reporter-output>
          </reporter-output>
        </test-method> <!-- EnteringDetails -->
        <test-method signature="EnteringDetails(java.lang.String,java.lang.String)[pri:0, instance:dataDrivenTesting.DataProviderExample@a514af7]" started-at="2023-02-13T19:32:08 IST" name="EnteringDetails" data-provider="Entry" finished-at="2023-02-13T19:32:08 IST" duration-ms="128" status="PASS">
          <params>
            <param index="0">
              <value>
                <![CDATA[Dhinesh]]>
              </value>
            </param>
            <param index="1">
              <value>
                <![CDATA[Coimbatore]]>
              </value>
            </param>
          </params>
          <reporter-output>
          </reporter-output>
        </test-method> <!-- EnteringDetails -->
        <test-method signature="EnteringDetails(java.lang.String,java.lang.String)[pri:0, instance:dataDrivenTesting.DataProviderExample@a514af7]" started-at="2023-02-13T19:32:08 IST" name="EnteringDetails" data-provider="Entry" finished-at="2023-02-13T19:32:08 IST" duration-ms="91" status="PASS">
          <params>
            <param index="0">
              <value>
                <![CDATA[John]]>
              </value>
            </param>
            <param index="1">
              <value>
                <![CDATA[NewYork]]>
              </value>
            </param>
          </params>
          <reporter-output>
          </reporter-output>
        </test-method> <!-- EnteringDetails -->
        <test-method signature="EnteringDetails(java.lang.String,java.lang.String)[pri:0, instance:dataDrivenTesting.DataProviderExample@a514af7]" started-at="2023-02-13T19:32:08 IST" name="EnteringDetails" data-provider="Entry" finished-at="2023-02-13T19:32:08 IST" duration-ms="104" status="PASS">
          <params>
            <param index="0">
              <value>
                <![CDATA[Adam]]>
              </value>
            </param>
            <param index="1">
              <value>
                <![CDATA[Austin]]>
              </value>
            </param>
          </params>
          <reporter-output>
          </reporter-output>
        </test-method> <!-- EnteringDetails -->
        <test-method is-config="true" signature="afterSuite()[pri:0, instance:dataDrivenTesting.DataProviderExample@a514af7]" started-at="2023-02-13T19:32:08 IST" name="afterSuite" finished-at="2023-02-13T19:32:09 IST" duration-ms="138" status="PASS">
          <reporter-output>
          </reporter-output>
        </test-method> <!-- afterSuite -->
      </class> <!-- dataDrivenTesting.DataProviderExample -->
    </test> <!-- Default test -->
  </suite> <!-- Default suite -->
</testng-results>
